<?xml version="1.0" encoding="UTF-8"?>
<coverage generated="1521393025593" clover="3.2.0">
  <project timestamp="1521393025593" name="All files">
    <metrics statements="77" coveredstatements="63" conditionals="23" coveredconditionals="17" methods="20" coveredmethods="19" elements="120" coveredelements="99" complexity="0" loc="77" ncloc="77" packages="1" files="3" classes="3">
      <file name="getStyles.js" path="/home/dan/repos/react-tt/src/getStyles.js">
        <metrics statements="31" coveredstatements="25" conditionals="17" coveredconditionals="12" methods="5" coveredmethods="5"/>
        <line num="3" count="1" type="stmt"/>
        <line num="17" count="13" type="stmt"/>
        <line num="18" count="13" type="stmt"/>
        <line num="20" count="13" type="stmt"/>
        <line num="34" count="13" type="cond" truecount="4" falsecount="0"/>
        <line num="35" count="6" type="stmt"/>
        <line num="40" count="7" type="stmt"/>
        <line num="41" count="7" type="stmt"/>
        <line num="42" count="7" type="stmt"/>
        <line num="45" count="7" type="stmt"/>
        <line num="47" count="7" type="cond" truecount="1" falsecount="1"/>
        <line num="50" count="0" type="stmt"/>
        <line num="51" count="7" type="cond" truecount="1" falsecount="1"/>
        <line num="54" count="0" type="stmt"/>
        <line num="58" count="7" type="stmt"/>
        <line num="72" count="13" type="stmt"/>
        <line num="88" count="13" type="stmt"/>
        <line num="106" count="13" type="stmt"/>
        <line num="108" count="13" type="cond" truecount="2" falsecount="0"/>
        <line num="109" count="6" type="stmt"/>
        <line num="112" count="7" type="stmt"/>
        <line num="113" count="7" type="stmt"/>
        <line num="114" count="7" type="stmt"/>
        <line num="115" count="7" type="stmt"/>
        <line num="117" count="7" type="cond" truecount="1" falsecount="1"/>
        <line num="118" count="0" type="stmt"/>
        <line num="121" count="7" type="cond" truecount="1" falsecount="2"/>
        <line num="123" count="0" type="stmt"/>
        <line num="129" count="7" type="stmt"/>
        <line num="135" count="0" type="stmt"/>
        <line num="137" count="0" type="stmt"/>
      </file>
      <file name="index.js" path="/home/dan/repos/react-tt/src/index.js">
        <metrics statements="45" coveredstatements="37" conditionals="6" coveredconditionals="5" methods="15" coveredmethods="14"/>
        <line num="37" count="6" type="stmt"/>
        <line num="39" count="6" type="stmt"/>
        <line num="42" count="6" type="stmt"/>
        <line num="43" count="6" type="stmt"/>
        <line num="44" count="6" type="stmt"/>
        <line num="45" count="6" type="stmt"/>
        <line num="49" count="5" type="stmt"/>
        <line num="51" count="5" type="stmt"/>
        <line num="55" count="0" type="stmt"/>
        <line num="57" count="0" type="stmt"/>
        <line num="58" count="0" type="stmt"/>
        <line num="59" count="0" type="stmt"/>
        <line num="60" count="0" type="stmt"/>
        <line num="64" count="1" type="stmt"/>
        <line num="68" count="2" type="stmt"/>
        <line num="72" count="2" type="cond" truecount="2" falsecount="0"/>
        <line num="73" count="1" type="stmt"/>
        <line num="76" count="1" type="stmt"/>
        <line num="80" count="5" type="cond" truecount="1" falsecount="1"/>
        <line num="81" count="5" type="stmt"/>
        <line num="82" count="5" type="stmt"/>
        <line num="83" count="5" type="stmt"/>
        <line num="85" count="0" type="stmt"/>
        <line num="86" count="0" type="stmt"/>
        <line num="87" count="0" type="stmt"/>
        <line num="92" count="2" type="stmt"/>
        <line num="93" count="2" type="stmt"/>
        <line num="100" count="1" type="stmt"/>
        <line num="101" count="1" type="stmt"/>
        <line num="112" count="13" type="stmt"/>
        <line num="115" count="13" type="stmt"/>
        <line num="116" count="13" type="cond" truecount="2" falsecount="0"/>
        <line num="120" count="13" type="stmt"/>
        <line num="121" count="13" type="stmt"/>
        <line num="122" count="13" type="stmt"/>
        <line num="124" count="13" type="stmt"/>
        <line num="125" count="13" type="stmt"/>
        <line num="127" count="13" type="stmt"/>
        <line num="129" count="13" type="stmt"/>
        <line num="131" count="13" type="stmt"/>
        <line num="133" count="13" type="stmt"/>
        <line num="138" count="13" type="stmt"/>
        <line num="143" count="19" type="stmt"/>
        <line num="149" count="19" type="stmt"/>
        <line num="154" count="19" type="stmt"/>
      </file>
      <file name="shapes.js" path="/home/dan/repos/react-tt/src/shapes.js">
        <metrics statements="1" coveredstatements="1" conditionals="0" coveredconditionals="0" methods="0" coveredmethods="0"/>
        <line num="3" count="1" type="stmt"/>
      </file>
    </metrics>
  </project>
</coverage>
