{"/home/dorzechowski/temp/react-tt/src/getStyles.js": {"path":"/home/dorzechowski/temp/react-tt/src/getStyles.js","statementMap":{"0":{"start":{"line":3,"column":19},"end":{"line":3,"column":47}},"1":{"start":{"line":17,"column":8},"end":{"line":17,"column":13}},"2":{"start":{"line":18,"column":17},"end":{"line":18,"column":74}},"3":{"start":{"line":20,"column":4},"end":{"line":22,"column":6}},"4":{"start":{"line":34,"column":4},"end":{"line":36,"column":5}},"5":{"start":{"line":35,"column":8},"end":{"line":35,"column":18}},"6":{"start":{"line":40,"column":21},"end":{"line":40,"column":53}},"7":{"start":{"line":41,"column":19},"end":{"line":41,"column":49}},"8":{"start":{"line":42,"column":25},"end":{"line":42,"column":61}},"9":{"start":{"line":45,"column":21},"end":{"line":45,"column":37}},"10":{"start":{"line":47,"column":4},"end":{"line":56,"column":5}},"11":{"start":{"line":50,"column":8},"end":{"line":50,"column":34}},"12":{"start":{"line":51,"column":11},"end":{"line":56,"column":5}},"13":{"start":{"line":54,"column":8},"end":{"line":55,"column":49}},"14":{"start":{"line":58,"column":4},"end":{"line":60,"column":6}},"15":{"start":{"line":72,"column":4},"end":{"line":76,"column":6}},"16":{"start":{"line":88,"column":4},"end":{"line":90,"column":6}},"17":{"start":{"line":106,"column":8},"end":{"line":106,"column":13}},"18":{"start":{"line":108,"column":4},"end":{"line":110,"column":5}},"19":{"start":{"line":109,"column":8},"end":{"line":109,"column":18}},"20":{"start":{"line":112,"column":17},"end":{"line":112,"column":19}},"21":{"start":{"line":113,"column":21},"end":{"line":113,"column":53}},"22":{"start":{"line":114,"column":19},"end":{"line":114,"column":49}},"23":{"start":{"line":116,"column":4},"end":{"line":118,"column":5}},"24":{"start":{"line":117,"column":8},"end":{"line":117,"column":29}},"25":{"start":{"line":120,"column":4},"end":{"line":137,"column":5}},"26":{"start":{"line":122,"column":12},"end":{"line":126,"column":14}},"27":{"start":{"line":128,"column":12},"end":{"line":132,"column":14}},"28":{"start":{"line":134,"column":12},"end":{"line":134,"column":68}},"29":{"start":{"line":136,"column":12},"end":{"line":136,"column":24}}},"fnMap":{"0":{"name":"getStyleForTooltipArrow","decl":{"start":{"line":13,"column":16},"end":{"line":13,"column":39}},"loc":{"start":{"line":13,"column":47},"end":{"line":23,"column":1}},"line":13},"1":{"name":"getStyleForTooltipBody","decl":{"start":{"line":33,"column":16},"end":{"line":33,"column":38}},"loc":{"start":{"line":33,"column":71},"end":{"line":61,"column":1}},"line":33},"2":{"name":"getStyleForTooltipComponent","decl":{"start":{"line":71,"column":16},"end":{"line":71,"column":43}},"loc":{"start":{"line":71,"column":58},"end":{"line":77,"column":1}},"line":71},"3":{"name":"getStyleForTooltipContent","decl":{"start":{"line":87,"column":16},"end":{"line":87,"column":41}},"loc":{"start":{"line":87,"column":49},"end":{"line":91,"column":1}},"line":87},"4":{"name":"getStyleForTooltipWrapper","decl":{"start":{"line":101,"column":16},"end":{"line":101,"column":41}},"loc":{"start":{"line":101,"column":74},"end":{"line":138,"column":1}},"line":101}},"branchMap":{"0":{"loc":{"start":{"line":34,"column":4},"end":{"line":36,"column":5}},"type":"if","locations":[{"start":{"line":34,"column":4},"end":{"line":36,"column":5}},{"start":{"line":34,"column":4},"end":{"line":36,"column":5}}],"line":34},"1":{"loc":{"start":{"line":34,"column":8},"end":{"line":34,"column":28}},"type":"binary-expr","locations":[{"start":{"line":34,"column":8},"end":{"line":34,"column":17}},{"start":{"line":34,"column":21},"end":{"line":34,"column":28}}],"line":34},"2":{"loc":{"start":{"line":47,"column":4},"end":{"line":56,"column":5}},"type":"if","locations":[{"start":{"line":47,"column":4},"end":{"line":56,"column":5}},{"start":{"line":47,"column":4},"end":{"line":56,"column":5}}],"line":47},"3":{"loc":{"start":{"line":51,"column":11},"end":{"line":56,"column":5}},"type":"if","locations":[{"start":{"line":51,"column":11},"end":{"line":56,"column":5}},{"start":{"line":51,"column":11},"end":{"line":56,"column":5}}],"line":51},"4":{"loc":{"start":{"line":73,"column":20},"end":{"line":75,"column":22}},"type":"cond-expr","locations":[{"start":{"line":74,"column":14},"end":{"line":74,"column":23}},{"start":{"line":75,"column":14},"end":{"line":75,"column":22}}],"line":73},"5":{"loc":{"start":{"line":108,"column":4},"end":{"line":110,"column":5}},"type":"if","locations":[{"start":{"line":108,"column":4},"end":{"line":110,"column":5}},{"start":{"line":108,"column":4},"end":{"line":110,"column":5}}],"line":108},"6":{"loc":{"start":{"line":116,"column":4},"end":{"line":118,"column":5}},"type":"if","locations":[{"start":{"line":116,"column":4},"end":{"line":118,"column":5}},{"start":{"line":116,"column":4},"end":{"line":118,"column":5}}],"line":116},"7":{"loc":{"start":{"line":120,"column":4},"end":{"line":137,"column":5}},"type":"switch","locations":[{"start":{"line":121,"column":8},"end":{"line":126,"column":14}},{"start":{"line":127,"column":8},"end":{"line":132,"column":14}},{"start":{"line":133,"column":8},"end":{"line":136,"column":24}}],"line":120}},"s":{"0":1,"1":15,"2":15,"3":15,"4":15,"5":7,"6":8,"7":8,"8":8,"9":8,"10":8,"11":0,"12":8,"13":0,"14":8,"15":15,"16":15,"17":15,"18":15,"19":7,"20":8,"21":8,"22":8,"23":8,"24":0,"25":8,"26":0,"27":8,"28":0,"29":0},"f":{"0":15,"1":15,"2":15,"3":15,"4":15},"b":{"0":[7,8],"1":[15,8],"2":[0,8],"3":[0,8],"4":[5,10],"5":[7,8],"6":[0,8],"7":[0,8,0]},"_coverageSchema":"332fd63041d2c1bcb487cc26dd0d5f7d97098a6c","hash":"fc2a06ed71ffba38b7f06ef1dc155de6c9c00cb4"}
,"/home/dorzechowski/temp/react-tt/src/index.js": {"path":"/home/dorzechowski/temp/react-tt/src/index.js","statementMap":{"0":{"start":{"line":39,"column":8},"end":{"line":39,"column":21}},"1":{"start":{"line":41,"column":8},"end":{"line":43,"column":10}},"2":{"start":{"line":44,"column":8},"end":{"line":44,"column":23}},"3":{"start":{"line":45,"column":8},"end":{"line":45,"column":29}},"4":{"start":{"line":46,"column":8},"end":{"line":46,"column":27}},"5":{"start":{"line":47,"column":8},"end":{"line":47,"column":32}},"6":{"start":{"line":48,"column":8},"end":{"line":48,"column":38}},"7":{"start":{"line":52,"column":8},"end":{"line":52,"column":46}},"8":{"start":{"line":54,"column":8},"end":{"line":54,"column":34}},"9":{"start":{"line":56,"column":8},"end":{"line":58,"column":9}},"10":{"start":{"line":57,"column":12},"end":{"line":57,"column":24}},"11":{"start":{"line":62,"column":8},"end":{"line":62,"column":35}},"12":{"start":{"line":64,"column":8},"end":{"line":64,"column":29}},"13":{"start":{"line":65,"column":8},"end":{"line":65,"column":23}},"14":{"start":{"line":66,"column":8},"end":{"line":66,"column":27}},"15":{"start":{"line":67,"column":8},"end":{"line":67,"column":32}},"16":{"start":{"line":68,"column":8},"end":{"line":68,"column":38}},"17":{"start":{"line":72,"column":8},"end":{"line":74,"column":9}},"18":{"start":{"line":73,"column":12},"end":{"line":73,"column":24}},"19":{"start":{"line":78,"column":8},"end":{"line":80,"column":9}},"20":{"start":{"line":79,"column":12},"end":{"line":79,"column":24}},"21":{"start":{"line":84,"column":8},"end":{"line":84,"column":52}},"22":{"start":{"line":86,"column":8},"end":{"line":92,"column":16}},"23":{"start":{"line":87,"column":12},"end":{"line":89,"column":13}},"24":{"start":{"line":88,"column":16},"end":{"line":88,"column":23}},"25":{"start":{"line":91,"column":12},"end":{"line":91,"column":31}},"26":{"start":{"line":96,"column":8},"end":{"line":98,"column":9}},"27":{"start":{"line":97,"column":12},"end":{"line":97,"column":19}},"28":{"start":{"line":100,"column":8},"end":{"line":100,"column":27}},"29":{"start":{"line":104,"column":8},"end":{"line":114,"column":9}},"30":{"start":{"line":105,"column":12},"end":{"line":105,"column":76}},"31":{"start":{"line":106,"column":12},"end":{"line":106,"column":76}},"32":{"start":{"line":107,"column":12},"end":{"line":107,"column":61}},"33":{"start":{"line":108,"column":12},"end":{"line":108,"column":61}},"34":{"start":{"line":110,"column":12},"end":{"line":110,"column":79}},"35":{"start":{"line":111,"column":12},"end":{"line":111,"column":79}},"36":{"start":{"line":112,"column":12},"end":{"line":112,"column":64}},"37":{"start":{"line":113,"column":12},"end":{"line":113,"column":64}},"38":{"start":{"line":118,"column":8},"end":{"line":122,"column":11}},"39":{"start":{"line":119,"column":12},"end":{"line":121,"column":14}},"40":{"start":{"line":126,"column":8},"end":{"line":130,"column":11}},"41":{"start":{"line":127,"column":12},"end":{"line":129,"column":14}},"42":{"start":{"line":138,"column":12},"end":{"line":138,"column":22}},"43":{"start":{"line":141,"column":12},"end":{"line":141,"column":22}},"44":{"start":{"line":142,"column":32},"end":{"line":144,"column":30}},"45":{"start":{"line":146,"column":12},"end":{"line":146,"column":68}},"46":{"start":{"line":147,"column":30},"end":{"line":147,"column":70}},"47":{"start":{"line":148,"column":35},"end":{"line":148,"column":75}},"48":{"start":{"line":150,"column":12},"end":{"line":150,"column":70}},"49":{"start":{"line":151,"column":27},"end":{"line":152,"column":39}},"50":{"start":{"line":153,"column":26},"end":{"line":154,"column":39}},"51":{"start":{"line":155,"column":31},"end":{"line":156,"column":51}},"52":{"start":{"line":157,"column":29},"end":{"line":158,"column":39}},"53":{"start":{"line":159,"column":29},"end":{"line":160,"column":39}},"54":{"start":{"line":164,"column":8},"end":{"line":193,"column":10}},"55":{"start":{"line":169,"column":30},"end":{"line":169,"column":43}},"56":{"start":{"line":175,"column":34},"end":{"line":175,"column":56}},"57":{"start":{"line":180,"column":38},"end":{"line":180,"column":55}}},"fnMap":{"0":{"name":"(anonymous_0)","decl":{"start":{"line":38,"column":4},"end":{"line":38,"column":5}},"loc":{"start":{"line":38,"column":23},"end":{"line":49,"column":5}},"line":38},"1":{"name":"(anonymous_1)","decl":{"start":{"line":51,"column":4},"end":{"line":51,"column":5}},"loc":{"start":{"line":51,"column":24},"end":{"line":59,"column":5}},"line":51},"2":{"name":"(anonymous_2)","decl":{"start":{"line":61,"column":4},"end":{"line":61,"column":5}},"loc":{"start":{"line":61,"column":27},"end":{"line":69,"column":5}},"line":61},"3":{"name":"(anonymous_3)","decl":{"start":{"line":71,"column":19},"end":{"line":71,"column":20}},"loc":{"start":{"line":71,"column":25},"end":{"line":75,"column":5}},"line":71},"4":{"name":"(anonymous_4)","decl":{"start":{"line":77,"column":19},"end":{"line":77,"column":20}},"loc":{"start":{"line":77,"column":25},"end":{"line":81,"column":5}},"line":77},"5":{"name":"(anonymous_5)","decl":{"start":{"line":83,"column":15},"end":{"line":83,"column":16}},"loc":{"start":{"line":83,"column":21},"end":{"line":93,"column":5}},"line":83},"6":{"name":"(anonymous_6)","decl":{"start":{"line":86,"column":51},"end":{"line":86,"column":52}},"loc":{"start":{"line":86,"column":57},"end":{"line":92,"column":9}},"line":86},"7":{"name":"(anonymous_7)","decl":{"start":{"line":95,"column":15},"end":{"line":95,"column":16}},"loc":{"start":{"line":95,"column":22},"end":{"line":101,"column":5}},"line":95},"8":{"name":"(anonymous_8)","decl":{"start":{"line":103,"column":4},"end":{"line":103,"column":5}},"loc":{"start":{"line":103,"column":27},"end":{"line":115,"column":5}},"line":103},"9":{"name":"(anonymous_9)","decl":{"start":{"line":117,"column":4},"end":{"line":117,"column":5}},"loc":{"start":{"line":117,"column":11},"end":{"line":123,"column":5}},"line":117},"10":{"name":"(anonymous_10)","decl":{"start":{"line":118,"column":22},"end":{"line":118,"column":23}},"loc":{"start":{"line":118,"column":33},"end":{"line":122,"column":9}},"line":118},"11":{"name":"(anonymous_11)","decl":{"start":{"line":125,"column":4},"end":{"line":125,"column":5}},"loc":{"start":{"line":125,"column":11},"end":{"line":131,"column":5}},"line":125},"12":{"name":"(anonymous_12)","decl":{"start":{"line":126,"column":22},"end":{"line":126,"column":23}},"loc":{"start":{"line":126,"column":33},"end":{"line":130,"column":9}},"line":126},"13":{"name":"(anonymous_13)","decl":{"start":{"line":133,"column":4},"end":{"line":133,"column":5}},"loc":{"start":{"line":133,"column":13},"end":{"line":194,"column":5}},"line":133},"14":{"name":"(anonymous_14)","decl":{"start":{"line":169,"column":21},"end":{"line":169,"column":22}},"loc":{"start":{"line":169,"column":30},"end":{"line":169,"column":43}},"line":169},"15":{"name":"(anonymous_15)","decl":{"start":{"line":175,"column":25},"end":{"line":175,"column":26}},"loc":{"start":{"line":175,"column":34},"end":{"line":175,"column":56}},"line":175},"16":{"name":"(anonymous_16)","decl":{"start":{"line":180,"column":29},"end":{"line":180,"column":30}},"loc":{"start":{"line":180,"column":38},"end":{"line":180,"column":55}},"line":180}},"branchMap":{"0":{"loc":{"start":{"line":56,"column":8},"end":{"line":58,"column":9}},"type":"if","locations":[{"start":{"line":56,"column":8},"end":{"line":58,"column":9}},{"start":{"line":56,"column":8},"end":{"line":58,"column":9}}],"line":56},"1":{"loc":{"start":{"line":72,"column":8},"end":{"line":74,"column":9}},"type":"if","locations":[{"start":{"line":72,"column":8},"end":{"line":74,"column":9}},{"start":{"line":72,"column":8},"end":{"line":74,"column":9}}],"line":72},"2":{"loc":{"start":{"line":78,"column":8},"end":{"line":80,"column":9}},"type":"if","locations":[{"start":{"line":78,"column":8},"end":{"line":80,"column":9}},{"start":{"line":78,"column":8},"end":{"line":80,"column":9}}],"line":78},"3":{"loc":{"start":{"line":87,"column":12},"end":{"line":89,"column":13}},"type":"if","locations":[{"start":{"line":87,"column":12},"end":{"line":89,"column":13}},{"start":{"line":87,"column":12},"end":{"line":89,"column":13}}],"line":87},"4":{"loc":{"start":{"line":96,"column":8},"end":{"line":98,"column":9}},"type":"if","locations":[{"start":{"line":96,"column":8},"end":{"line":98,"column":9}},{"start":{"line":96,"column":8},"end":{"line":98,"column":9}}],"line":96},"5":{"loc":{"start":{"line":104,"column":8},"end":{"line":114,"column":9}},"type":"if","locations":[{"start":{"line":104,"column":8},"end":{"line":114,"column":9}},{"start":{"line":104,"column":8},"end":{"line":114,"column":9}}],"line":104},"6":{"loc":{"start":{"line":142,"column":32},"end":{"line":144,"column":30}},"type":"cond-expr","locations":[{"start":{"line":143,"column":14},"end":{"line":143,"column":28}},{"start":{"line":144,"column":14},"end":{"line":144,"column":30}}],"line":142}},"s":{"0":7,"1":7,"2":7,"3":7,"4":7,"5":7,"6":7,"7":6,"8":6,"9":6,"10":1,"11":0,"12":0,"13":0,"14":0,"15":0,"16":0,"17":1,"18":1,"19":2,"20":2,"21":0,"22":0,"23":0,"24":0,"25":0,"26":2,"27":1,"28":1,"29":6,"30":6,"31":6,"32":6,"33":6,"34":0,"35":0,"36":0,"37":0,"38":2,"39":2,"40":2,"41":2,"42":15,"43":15,"44":15,"45":15,"46":15,"47":15,"48":15,"49":15,"50":15,"51":15,"52":15,"53":15,"54":15,"55":22,"56":22,"57":22},"f":{"0":7,"1":6,"2":0,"3":1,"4":2,"5":0,"6":0,"7":2,"8":6,"9":2,"10":2,"11":2,"12":2,"13":15,"14":22,"15":22,"16":22},"b":{"0":[1,5],"1":[1,0],"2":[2,0],"3":[0,0],"4":[1,1],"5":[6,0],"6":[5,10]},"_coverageSchema":"332fd63041d2c1bcb487cc26dd0d5f7d97098a6c","hash":"46a96fb654cf4d2012e21867e8dc7e77c8123d7d"}
,"/home/dorzechowski/temp/react-tt/src/shapes.js": {"path":"/home/dorzechowski/temp/react-tt/src/shapes.js","statementMap":{"0":{"start":{"line":3,"column":38},"end":{"line":6,"column":2}}},"fnMap":{},"branchMap":{},"s":{"0":1},"f":{},"b":{},"_coverageSchema":"332fd63041d2c1bcb487cc26dd0d5f7d97098a6c","hash":"6ca15e19c9f5835af3190d39a67fef03a6124b39"}
}
