{"/home/dan/repos/react-tt/src/getStyles.js": {"path":"/home/dan/repos/react-tt/src/getStyles.js","statementMap":{"0":{"start":{"line":3,"column":19},"end":{"line":3,"column":47}},"1":{"start":{"line":17,"column":8},"end":{"line":17,"column":13}},"2":{"start":{"line":18,"column":17},"end":{"line":18,"column":74}},"3":{"start":{"line":20,"column":4},"end":{"line":22,"column":6}},"4":{"start":{"line":34,"column":4},"end":{"line":36,"column":5}},"5":{"start":{"line":35,"column":8},"end":{"line":35,"column":18}},"6":{"start":{"line":40,"column":21},"end":{"line":40,"column":53}},"7":{"start":{"line":41,"column":19},"end":{"line":41,"column":49}},"8":{"start":{"line":42,"column":25},"end":{"line":42,"column":61}},"9":{"start":{"line":45,"column":21},"end":{"line":45,"column":37}},"10":{"start":{"line":47,"column":4},"end":{"line":56,"column":5}},"11":{"start":{"line":50,"column":8},"end":{"line":50,"column":34}},"12":{"start":{"line":51,"column":11},"end":{"line":56,"column":5}},"13":{"start":{"line":54,"column":8},"end":{"line":55,"column":49}},"14":{"start":{"line":58,"column":4},"end":{"line":60,"column":6}},"15":{"start":{"line":72,"column":4},"end":{"line":76,"column":6}},"16":{"start":{"line":88,"column":4},"end":{"line":90,"column":6}},"17":{"start":{"line":106,"column":8},"end":{"line":106,"column":13}},"18":{"start":{"line":108,"column":4},"end":{"line":110,"column":5}},"19":{"start":{"line":109,"column":8},"end":{"line":109,"column":18}},"20":{"start":{"line":112,"column":25},"end":{"line":112,"column":54}},"21":{"start":{"line":113,"column":17},"end":{"line":113,"column":19}},"22":{"start":{"line":114,"column":21},"end":{"line":114,"column":53}},"23":{"start":{"line":115,"column":19},"end":{"line":115,"column":49}},"24":{"start":{"line":117,"column":4},"end":{"line":119,"column":5}},"25":{"start":{"line":118,"column":8},"end":{"line":118,"column":29}},"26":{"start":{"line":121,"column":4},"end":{"line":138,"column":5}},"27":{"start":{"line":123,"column":12},"end":{"line":127,"column":14}},"28":{"start":{"line":129,"column":12},"end":{"line":133,"column":14}},"29":{"start":{"line":135,"column":12},"end":{"line":135,"column":68}},"30":{"start":{"line":137,"column":12},"end":{"line":137,"column":24}}},"fnMap":{"0":{"name":"getStyleForTooltipArrow","decl":{"start":{"line":13,"column":16},"end":{"line":13,"column":39}},"loc":{"start":{"line":13,"column":47},"end":{"line":23,"column":1}},"line":13},"1":{"name":"getStyleForTooltipBody","decl":{"start":{"line":33,"column":16},"end":{"line":33,"column":38}},"loc":{"start":{"line":33,"column":71},"end":{"line":61,"column":1}},"line":33},"2":{"name":"getStyleForTooltipComponent","decl":{"start":{"line":71,"column":16},"end":{"line":71,"column":43}},"loc":{"start":{"line":71,"column":58},"end":{"line":77,"column":1}},"line":71},"3":{"name":"getStyleForTooltipContent","decl":{"start":{"line":87,"column":16},"end":{"line":87,"column":41}},"loc":{"start":{"line":87,"column":49},"end":{"line":91,"column":1}},"line":87},"4":{"name":"getStyleForTooltipWrapper","decl":{"start":{"line":101,"column":16},"end":{"line":101,"column":41}},"loc":{"start":{"line":101,"column":74},"end":{"line":139,"column":1}},"line":101}},"branchMap":{"0":{"loc":{"start":{"line":34,"column":4},"end":{"line":36,"column":5}},"type":"if","locations":[{"start":{"line":34,"column":4},"end":{"line":36,"column":5}},{"start":{"line":34,"column":4},"end":{"line":36,"column":5}}],"line":34},"1":{"loc":{"start":{"line":34,"column":8},"end":{"line":34,"column":28}},"type":"binary-expr","locations":[{"start":{"line":34,"column":8},"end":{"line":34,"column":17}},{"start":{"line":34,"column":21},"end":{"line":34,"column":28}}],"line":34},"2":{"loc":{"start":{"line":47,"column":4},"end":{"line":56,"column":5}},"type":"if","locations":[{"start":{"line":47,"column":4},"end":{"line":56,"column":5}},{"start":{"line":47,"column":4},"end":{"line":56,"column":5}}],"line":47},"3":{"loc":{"start":{"line":51,"column":11},"end":{"line":56,"column":5}},"type":"if","locations":[{"start":{"line":51,"column":11},"end":{"line":56,"column":5}},{"start":{"line":51,"column":11},"end":{"line":56,"column":5}}],"line":51},"4":{"loc":{"start":{"line":73,"column":20},"end":{"line":75,"column":22}},"type":"cond-expr","locations":[{"start":{"line":74,"column":14},"end":{"line":74,"column":23}},{"start":{"line":75,"column":14},"end":{"line":75,"column":22}}],"line":73},"5":{"loc":{"start":{"line":108,"column":4},"end":{"line":110,"column":5}},"type":"if","locations":[{"start":{"line":108,"column":4},"end":{"line":110,"column":5}},{"start":{"line":108,"column":4},"end":{"line":110,"column":5}}],"line":108},"6":{"loc":{"start":{"line":117,"column":4},"end":{"line":119,"column":5}},"type":"if","locations":[{"start":{"line":117,"column":4},"end":{"line":119,"column":5}},{"start":{"line":117,"column":4},"end":{"line":119,"column":5}}],"line":117},"7":{"loc":{"start":{"line":121,"column":4},"end":{"line":138,"column":5}},"type":"switch","locations":[{"start":{"line":122,"column":8},"end":{"line":127,"column":14}},{"start":{"line":128,"column":8},"end":{"line":133,"column":14}},{"start":{"line":134,"column":8},"end":{"line":137,"column":24}}],"line":121}},"s":{"0":1,"1":13,"2":13,"3":13,"4":13,"5":6,"6":7,"7":7,"8":7,"9":7,"10":7,"11":0,"12":7,"13":0,"14":7,"15":13,"16":13,"17":13,"18":13,"19":6,"20":7,"21":7,"22":7,"23":7,"24":7,"25":0,"26":7,"27":0,"28":7,"29":0,"30":0},"f":{"0":13,"1":13,"2":13,"3":13,"4":13},"b":{"0":[6,7],"1":[13,7],"2":[0,7],"3":[0,7],"4":[4,9],"5":[6,7],"6":[0,7],"7":[0,7,0]},"_coverageSchema":"332fd63041d2c1bcb487cc26dd0d5f7d97098a6c","hash":"fc837aba57c0cbd7f0ff03cb22182d5d369584e3"}
,"/home/dan/repos/react-tt/src/index.js": {"path":"/home/dan/repos/react-tt/src/index.js","statementMap":{"0":{"start":{"line":37,"column":8},"end":{"line":37,"column":21}},"1":{"start":{"line":39,"column":8},"end":{"line":41,"column":10}},"2":{"start":{"line":42,"column":8},"end":{"line":42,"column":23}},"3":{"start":{"line":43,"column":8},"end":{"line":43,"column":29}},"4":{"start":{"line":44,"column":8},"end":{"line":44,"column":27}},"5":{"start":{"line":45,"column":8},"end":{"line":45,"column":32}},"6":{"start":{"line":49,"column":8},"end":{"line":49,"column":46}},"7":{"start":{"line":51,"column":8},"end":{"line":51,"column":34}},"8":{"start":{"line":55,"column":8},"end":{"line":55,"column":35}},"9":{"start":{"line":57,"column":8},"end":{"line":57,"column":29}},"10":{"start":{"line":58,"column":8},"end":{"line":58,"column":23}},"11":{"start":{"line":59,"column":8},"end":{"line":59,"column":27}},"12":{"start":{"line":60,"column":8},"end":{"line":60,"column":32}},"13":{"start":{"line":64,"column":8},"end":{"line":64,"column":20}},"14":{"start":{"line":68,"column":8},"end":{"line":68,"column":20}},"15":{"start":{"line":72,"column":8},"end":{"line":74,"column":9}},"16":{"start":{"line":73,"column":12},"end":{"line":73,"column":19}},"17":{"start":{"line":76,"column":8},"end":{"line":76,"column":27}},"18":{"start":{"line":80,"column":8},"end":{"line":88,"column":9}},"19":{"start":{"line":81,"column":12},"end":{"line":81,"column":76}},"20":{"start":{"line":82,"column":12},"end":{"line":82,"column":76}},"21":{"start":{"line":83,"column":12},"end":{"line":83,"column":61}},"22":{"start":{"line":85,"column":12},"end":{"line":85,"column":79}},"23":{"start":{"line":86,"column":12},"end":{"line":86,"column":79}},"24":{"start":{"line":87,"column":12},"end":{"line":87,"column":64}},"25":{"start":{"line":92,"column":8},"end":{"line":96,"column":11}},"26":{"start":{"line":93,"column":12},"end":{"line":95,"column":14}},"27":{"start":{"line":100,"column":8},"end":{"line":104,"column":11}},"28":{"start":{"line":101,"column":12},"end":{"line":103,"column":14}},"29":{"start":{"line":112,"column":12},"end":{"line":112,"column":22}},"30":{"start":{"line":115,"column":12},"end":{"line":115,"column":22}},"31":{"start":{"line":116,"column":32},"end":{"line":118,"column":30}},"32":{"start":{"line":120,"column":12},"end":{"line":120,"column":68}},"33":{"start":{"line":121,"column":30},"end":{"line":121,"column":70}},"34":{"start":{"line":122,"column":35},"end":{"line":122,"column":75}},"35":{"start":{"line":124,"column":12},"end":{"line":124,"column":70}},"36":{"start":{"line":125,"column":27},"end":{"line":126,"column":39}},"37":{"start":{"line":127,"column":26},"end":{"line":128,"column":39}},"38":{"start":{"line":129,"column":31},"end":{"line":130,"column":51}},"39":{"start":{"line":131,"column":29},"end":{"line":132,"column":39}},"40":{"start":{"line":133,"column":29},"end":{"line":134,"column":39}},"41":{"start":{"line":138,"column":8},"end":{"line":167,"column":10}},"42":{"start":{"line":143,"column":30},"end":{"line":143,"column":43}},"43":{"start":{"line":149,"column":34},"end":{"line":149,"column":56}},"44":{"start":{"line":154,"column":38},"end":{"line":154,"column":55}}},"fnMap":{"0":{"name":"(anonymous_0)","decl":{"start":{"line":36,"column":4},"end":{"line":36,"column":5}},"loc":{"start":{"line":36,"column":23},"end":{"line":46,"column":5}},"line":36},"1":{"name":"(anonymous_1)","decl":{"start":{"line":48,"column":4},"end":{"line":48,"column":5}},"loc":{"start":{"line":48,"column":24},"end":{"line":52,"column":5}},"line":48},"2":{"name":"(anonymous_2)","decl":{"start":{"line":54,"column":4},"end":{"line":54,"column":5}},"loc":{"start":{"line":54,"column":27},"end":{"line":61,"column":5}},"line":54},"3":{"name":"(anonymous_3)","decl":{"start":{"line":63,"column":19},"end":{"line":63,"column":20}},"loc":{"start":{"line":63,"column":25},"end":{"line":65,"column":5}},"line":63},"4":{"name":"(anonymous_4)","decl":{"start":{"line":67,"column":19},"end":{"line":67,"column":20}},"loc":{"start":{"line":67,"column":25},"end":{"line":69,"column":5}},"line":67},"5":{"name":"(anonymous_5)","decl":{"start":{"line":71,"column":15},"end":{"line":71,"column":16}},"loc":{"start":{"line":71,"column":22},"end":{"line":77,"column":5}},"line":71},"6":{"name":"(anonymous_6)","decl":{"start":{"line":79,"column":4},"end":{"line":79,"column":5}},"loc":{"start":{"line":79,"column":27},"end":{"line":89,"column":5}},"line":79},"7":{"name":"(anonymous_7)","decl":{"start":{"line":91,"column":4},"end":{"line":91,"column":5}},"loc":{"start":{"line":91,"column":11},"end":{"line":97,"column":5}},"line":91},"8":{"name":"(anonymous_8)","decl":{"start":{"line":92,"column":22},"end":{"line":92,"column":23}},"loc":{"start":{"line":92,"column":33},"end":{"line":96,"column":9}},"line":92},"9":{"name":"(anonymous_9)","decl":{"start":{"line":99,"column":4},"end":{"line":99,"column":5}},"loc":{"start":{"line":99,"column":11},"end":{"line":105,"column":5}},"line":99},"10":{"name":"(anonymous_10)","decl":{"start":{"line":100,"column":22},"end":{"line":100,"column":23}},"loc":{"start":{"line":100,"column":33},"end":{"line":104,"column":9}},"line":100},"11":{"name":"(anonymous_11)","decl":{"start":{"line":107,"column":4},"end":{"line":107,"column":5}},"loc":{"start":{"line":107,"column":13},"end":{"line":168,"column":5}},"line":107},"12":{"name":"(anonymous_12)","decl":{"start":{"line":143,"column":21},"end":{"line":143,"column":22}},"loc":{"start":{"line":143,"column":30},"end":{"line":143,"column":43}},"line":143},"13":{"name":"(anonymous_13)","decl":{"start":{"line":149,"column":25},"end":{"line":149,"column":26}},"loc":{"start":{"line":149,"column":34},"end":{"line":149,"column":56}},"line":149},"14":{"name":"(anonymous_14)","decl":{"start":{"line":154,"column":29},"end":{"line":154,"column":30}},"loc":{"start":{"line":154,"column":38},"end":{"line":154,"column":55}},"line":154}},"branchMap":{"0":{"loc":{"start":{"line":72,"column":8},"end":{"line":74,"column":9}},"type":"if","locations":[{"start":{"line":72,"column":8},"end":{"line":74,"column":9}},{"start":{"line":72,"column":8},"end":{"line":74,"column":9}}],"line":72},"1":{"loc":{"start":{"line":80,"column":8},"end":{"line":88,"column":9}},"type":"if","locations":[{"start":{"line":80,"column":8},"end":{"line":88,"column":9}},{"start":{"line":80,"column":8},"end":{"line":88,"column":9}}],"line":80},"2":{"loc":{"start":{"line":116,"column":32},"end":{"line":118,"column":30}},"type":"cond-expr","locations":[{"start":{"line":117,"column":14},"end":{"line":117,"column":28}},{"start":{"line":118,"column":14},"end":{"line":118,"column":30}}],"line":116}},"s":{"0":6,"1":6,"2":6,"3":6,"4":6,"5":6,"6":5,"7":5,"8":0,"9":0,"10":0,"11":0,"12":0,"13":1,"14":2,"15":2,"16":1,"17":1,"18":5,"19":5,"20":5,"21":5,"22":0,"23":0,"24":0,"25":2,"26":2,"27":1,"28":1,"29":13,"30":13,"31":13,"32":13,"33":13,"34":13,"35":13,"36":13,"37":13,"38":13,"39":13,"40":13,"41":13,"42":19,"43":19,"44":19},"f":{"0":6,"1":5,"2":0,"3":1,"4":2,"5":2,"6":5,"7":2,"8":2,"9":1,"10":1,"11":13,"12":19,"13":19,"14":19},"b":{"0":[1,1],"1":[5,0],"2":[4,9]},"_coverageSchema":"332fd63041d2c1bcb487cc26dd0d5f7d97098a6c","hash":"b23092f5786bc42fa1229f1249e9300b95ba3e19"}
,"/home/dan/repos/react-tt/src/shapes.js": {"path":"/home/dan/repos/react-tt/src/shapes.js","statementMap":{"0":{"start":{"line":3,"column":38},"end":{"line":6,"column":2}}},"fnMap":{},"branchMap":{},"s":{"0":1},"f":{},"b":{},"_coverageSchema":"332fd63041d2c1bcb487cc26dd0d5f7d97098a6c","hash":"d48a79b596bba67045a276a15f75f5e12402ff1a"}
}
