TN:
SF:/home/dorzechowski/temp/react-tt/src/getStyles.js
FN:13,getStyleForTooltipArrow
FN:33,getStyleForTooltipBody
FN:71,getStyleForTooltipComponent
FN:87,getStyleForTooltipContent
FN:101,getStyleForTooltipWrapper
FNF:5
FNH:5
FNDA:15,getStyleForTooltipArrow
FNDA:15,getStyleForTooltipBody
FNDA:15,getStyleForTooltipComponent
FNDA:15,getStyleForTooltipContent
FNDA:15,getStyleForTooltipWrapper
DA:3,1
DA:17,15
DA:18,15
DA:20,15
DA:34,15
DA:35,7
DA:40,8
DA:41,8
DA:42,8
DA:45,8
DA:47,8
DA:50,0
DA:51,8
DA:54,0
DA:58,8
DA:72,15
DA:88,15
DA:106,15
DA:108,15
DA:109,7
DA:112,8
DA:113,8
DA:114,8
DA:116,8
DA:117,0
DA:120,8
DA:122,0
DA:128,8
DA:134,0
DA:136,0
LF:30
LH:24
BRDA:34,0,0,7
BRDA:34,0,1,8
BRDA:34,1,0,15
BRDA:34,1,1,8
BRDA:47,2,0,0
BRDA:47,2,1,8
BRDA:51,3,0,0
BRDA:51,3,1,8
BRDA:73,4,0,5
BRDA:73,4,1,10
BRDA:108,5,0,7
BRDA:108,5,1,8
BRDA:116,6,0,0
BRDA:116,6,1,8
BRDA:120,7,0,0
BRDA:120,7,1,8
BRDA:120,7,2,0
BRF:17
BRH:12
end_of_record
TN:
SF:/home/dorzechowski/temp/react-tt/src/index.js
FN:38,(anonymous_0)
FN:51,(anonymous_1)
FN:61,(anonymous_2)
FN:71,(anonymous_3)
FN:77,(anonymous_4)
FN:83,(anonymous_5)
FN:87,(anonymous_6)
FN:97,(anonymous_7)
FN:105,(anonymous_8)
FN:119,(anonymous_9)
FN:120,(anonymous_10)
FN:127,(anonymous_11)
FN:128,(anonymous_12)
FN:135,(anonymous_13)
FN:171,(anonymous_14)
FN:177,(anonymous_15)
FN:182,(anonymous_16)
FNF:17
FNH:14
FNDA:7,(anonymous_0)
FNDA:6,(anonymous_1)
FNDA:0,(anonymous_2)
FNDA:1,(anonymous_3)
FNDA:2,(anonymous_4)
FNDA:0,(anonymous_5)
FNDA:0,(anonymous_6)
FNDA:2,(anonymous_7)
FNDA:6,(anonymous_8)
FNDA:2,(anonymous_9)
FNDA:2,(anonymous_10)
FNDA:2,(anonymous_11)
FNDA:2,(anonymous_12)
FNDA:15,(anonymous_13)
FNDA:22,(anonymous_14)
FNDA:22,(anonymous_15)
FNDA:22,(anonymous_16)
DA:39,7
DA:41,7
DA:44,7
DA:45,7
DA:46,7
DA:47,7
DA:48,7
DA:52,6
DA:54,6
DA:56,6
DA:57,1
DA:62,0
DA:64,0
DA:65,0
DA:66,0
DA:67,0
DA:68,0
DA:72,1
DA:73,1
DA:78,2
DA:79,2
DA:84,0
DA:85,0
DA:87,0
DA:88,0
DA:89,0
DA:90,0
DA:93,0
DA:98,2
DA:99,1
DA:102,1
DA:106,6
DA:107,6
DA:108,6
DA:109,6
DA:110,6
DA:112,0
DA:113,0
DA:114,0
DA:115,0
DA:120,2
DA:121,2
DA:128,2
DA:129,2
DA:140,15
DA:143,15
DA:144,15
DA:148,15
DA:149,15
DA:150,15
DA:152,15
DA:153,15
DA:155,15
DA:157,15
DA:159,15
DA:161,15
DA:166,15
DA:171,22
DA:177,22
DA:182,22
LF:60
LH:43
BRDA:56,0,0,1
BRDA:56,0,1,5
BRDA:72,1,0,1
BRDA:72,1,1,0
BRDA:78,2,0,2
BRDA:78,2,1,0
BRDA:89,3,0,0
BRDA:89,3,1,0
BRDA:98,4,0,1
BRDA:98,4,1,1
BRDA:106,5,0,6
BRDA:106,5,1,0
BRDA:144,6,0,5
BRDA:144,6,1,10
BRF:14
BRH:9
end_of_record
TN:
SF:/home/dorzechowski/temp/react-tt/src/shapes.js
FNF:0
FNH:0
DA:3,1
LF:1
LH:1
BRF:0
BRH:0
end_of_record
