TN:
SF:/Users/abagheri/react-tt/src/getStyles.js
FN:13,getStyleForTooltipArrow
FN:33,getStyleForTooltipBody
FN:71,getStyleForTooltipComponent
FN:87,getStyleForTooltipContent
FN:101,getStyleForTooltipWrapper
FNF:5
FNH:5
FNDA:14,getStyleForTooltipArrow
FNDA:14,getStyleForTooltipBody
FNDA:14,getStyleForTooltipComponent
FNDA:14,getStyleForTooltipContent
FNDA:14,getStyleForTooltipWrapper
DA:3,1
DA:17,14
DA:18,14
DA:20,14
DA:34,14
DA:35,7
DA:40,7
DA:41,7
DA:42,7
DA:45,7
DA:47,7
DA:50,0
DA:51,7
DA:54,0
DA:58,7
DA:72,14
DA:88,14
DA:106,14
DA:108,14
DA:109,7
DA:112,7
DA:113,7
DA:114,7
DA:116,7
DA:117,0
DA:120,7
DA:122,0
DA:128,7
DA:134,0
DA:136,0
LF:30
LH:24
BRDA:34,0,0,7
BRDA:34,0,1,7
BRDA:34,1,0,14
BRDA:34,1,1,7
BRDA:47,2,0,0
BRDA:47,2,1,7
BRDA:51,3,0,0
BRDA:51,3,1,7
BRDA:73,4,0,5
BRDA:73,4,1,9
BRDA:108,5,0,7
BRDA:108,5,1,7
BRDA:116,6,0,0
BRDA:116,6,1,7
BRDA:120,7,0,0
BRDA:120,7,1,7
BRDA:120,7,2,0
BRF:17
BRH:12
end_of_record
TN:
SF:/Users/abagheri/react-tt/src/index.js
FN:38,(anonymous_0)
FN:50,(anonymous_1)
FN:56,(anonymous_2)
FN:65,(anonymous_3)
FN:71,(anonymous_4)
FN:77,(anonymous_5)
FN:85,(anonymous_6)
FN:97,(anonymous_7)
FN:98,(anonymous_8)
FN:105,(anonymous_9)
FN:106,(anonymous_10)
FN:113,(anonymous_11)
FN:149,(anonymous_12)
FN:155,(anonymous_13)
FN:160,(anonymous_14)
FNF:15
FNH:14
FNDA:7,(anonymous_0)
FNDA:6,(anonymous_1)
FNDA:0,(anonymous_2)
FNDA:1,(anonymous_3)
FNDA:2,(anonymous_4)
FNDA:2,(anonymous_5)
FNDA:6,(anonymous_6)
FNDA:2,(anonymous_7)
FNDA:2,(anonymous_8)
FNDA:1,(anonymous_9)
FNDA:1,(anonymous_10)
FNDA:14,(anonymous_11)
FNDA:20,(anonymous_12)
FNDA:20,(anonymous_13)
FNDA:20,(anonymous_14)
DA:39,7
DA:41,7
DA:44,7
DA:45,7
DA:46,7
DA:47,7
DA:51,6
DA:53,6
DA:57,0
DA:59,0
DA:60,0
DA:61,0
DA:62,0
DA:66,1
DA:67,1
DA:72,2
DA:73,2
DA:78,2
DA:79,1
DA:82,1
DA:86,6
DA:87,6
DA:88,6
DA:89,6
DA:91,0
DA:92,0
DA:93,0
DA:98,2
DA:99,2
DA:106,1
DA:107,1
DA:118,14
DA:121,14
DA:122,14
DA:126,14
DA:127,14
DA:128,14
DA:130,14
DA:131,14
DA:133,14
DA:135,14
DA:137,14
DA:139,14
DA:144,14
DA:149,20
DA:155,20
DA:160,20
LF:47
LH:39
BRDA:66,0,0,1
BRDA:66,0,1,0
BRDA:72,1,0,2
BRDA:72,1,1,0
BRDA:78,2,0,1
BRDA:78,2,1,1
BRDA:86,3,0,6
BRDA:86,3,1,0
BRDA:122,4,0,5
BRDA:122,4,1,9
BRF:10
BRH:7
end_of_record
TN:
SF:/Users/abagheri/react-tt/src/shapes.js
FNF:0
FNH:0
DA:3,1
LF:1
LH:1
BRF:0
BRH:0
end_of_record
